Removed Pin From Net: NetName=NetC1_1 Pin=U-1
Removed Pin From Net: NetName=NetC1_2 Pin=U-2
Removed Pin From Net: NetName=-15 Pin=U-4
Removed Pin From Net: NetName=+15 Pin=U-8
Removed Member From Class: ClassName=Power_Supply Member=C1
Removed Member From Class: ClassName=Power_Supply Member=C2
Removed Member From Class: ClassName=Photodiode_Circuit Member=R1
Removed Member From Class: ClassName=Thermistor Member=R1
Removed Member From Class: ClassName=Thermistor Member=R2
Removed Member From Class: ClassName=Thermistor Member=R3
Removed Member From Class: ClassName=LED_Drivers Member=U
Removed Member From Class: ClassName=Photodiode_Circuit Member=U
Change Component Designator: OldDesignator=C1 NewDesignator=C3
Change Component Designator: OldDesignator=C2 NewDesignator=C4
Change Component Designator: OldDesignator=J? NewDesignator=PWR_pins
Change Component Designator: OldDesignator=M1 NewDesignator=M_IR2
Change Component Designator: OldDesignator=M2 NewDesignator=M_G
Change Component Designator: OldDesignator=M3 NewDesignator=M_R
Change Component Designator: OldDesignator=M4 NewDesignator=M_B
Change Component Designator: OldDesignator=R1 NewDesignator=R4
Change Component Designator: OldDesignator=R2 NewDesignator=R5
Change Component Designator: OldDesignator=R3 NewDesignator=R6
Change Component Designator: OldDesignator=U? NewDesignator=Op_LED_driver
Added Component: Designator=M_IR1(2SK3018TP)
Add component. Clean all parameters for all variants
Add component (AddParameter): Name = "Datasheet Link"; Value = "https://www.mccsemi.com/pdf/Products/2SK3018(SOT-323).pdf"; VariantName = "[No Variations]"
Add component (AddParameter): Name = "Geometry.Height"; Value = "1.1mm"; VariantName = "[No Variations]"
Add component (AddParameter): Name = "Manufacturer_Name"; Value = "Micro Commercial Components (MCC)"; VariantName = "[No Variations]"
Add component (AddParameter): Name = "Manufacturer_Part_Number"; Value = "2SK3018-TP"; VariantName = "[No Variations]"
Add component (AddParameter): Name = "Mouser Part Number"; Value = "833-2SK3018-TP"; VariantName = "[No Variations]"
Add component (AddParameter): Name = "Mouser Price/Stock"; Value = "https://www.mouser.com/Search/Refine.aspx?Keyword=833-2SK3018-TP"; VariantName = "[No Variations]"
Add component (AddParameter): Name = "RS Part Number"; Value = ""; VariantName = "[No Variations]"
Add component (AddParameter): Name = "RS Price/Stock"; Value = ""; VariantName = "[No Variations]"
Added Component: Designator=Op_PD(TO-99)
Add component. Clean all parameters for all variants
Add component (AddParameter): Name = "DeviceName"; Value = ""; VariantName = "[No Variations]"
Add component (AddParameter): Name = "DeviceSetName"; Value = "OPA128"; VariantName = "[No Variations]"
Add component (AddParameter): Name = "GateName_1"; Value = "U"; VariantName = "[No Variations]"
Add component (AddParameter): Name = "LibraryName"; Value = "MSEG_converted"; VariantName = "[No Variations]"
Add component (AddParameter): Name = "Package"; Value = "TO-99"; VariantName = "[No Variations]"
Add component (AddParameter): Name = "SymbolName_1"; Value = "ELECTROMETER_OPAMP"; VariantName = "[No Variations]"
Added Component: Designator=R7(J1-0603)
Add component. Clean all parameters for all variants
Add component (AddParameter): Name = "LatestRevisionDate"; Value = "29-May-2009"; VariantName = "[No Variations]"
Add component (AddParameter): Name = "LatestRevisionNote"; Value = "IPC-7351 Footprint Added."; VariantName = "[No Variations]"
Add component (AddParameter): Name = "PackageDescription"; Value = "Chip Resistor"; VariantName = "[No Variations]"
Add component (AddParameter): Name = "PackageReference"; Value = "J1-0603"; VariantName = "[No Variations]"
Add component (AddParameter): Name = "Published"; Value = "8-Jun-2000"; VariantName = "[No Variations]"
Add component (AddParameter): Name = "Publisher"; Value = "Altium Limited"; VariantName = "[No Variations]"
Add component (AddParameter): Name = "Value"; Value = "100K"; VariantName = "[No Variations]"
Added Component: Designator=R8(J1-0603)
Add component. Clean all parameters for all variants
Add component (AddParameter): Name = "LatestRevisionDate"; Value = "29-May-2009"; VariantName = "[No Variations]"
Add component (AddParameter): Name = "LatestRevisionNote"; Value = "IPC-7351 Footprint Added."; VariantName = "[No Variations]"
Add component (AddParameter): Name = "PackageDescription"; Value = "Chip Resistor"; VariantName = "[No Variations]"
Add component (AddParameter): Name = "PackageReference"; Value = "J1-0603"; VariantName = "[No Variations]"
Add component (AddParameter): Name = "Published"; Value = "8-Jun-2000"; VariantName = "[No Variations]"
Add component (AddParameter): Name = "Publisher"; Value = "Altium Limited"; VariantName = "[No Variations]"
Add component (AddParameter): Name = "Value"; Value = "100K"; VariantName = "[No Variations]"
Added Component: Designator=R9(J1-0603)
Add component. Clean all parameters for all variants
Add component (AddParameter): Name = "LatestRevisionDate"; Value = "29-May-2009"; VariantName = "[No Variations]"
Add component (AddParameter): Name = "LatestRevisionNote"; Value = "IPC-7351 Footprint Added."; VariantName = "[No Variations]"
Add component (AddParameter): Name = "PackageDescription"; Value = "Chip Resistor"; VariantName = "[No Variations]"
Add component (AddParameter): Name = "PackageReference"; Value = "J1-0603"; VariantName = "[No Variations]"
Add component (AddParameter): Name = "Published"; Value = "8-Jun-2000"; VariantName = "[No Variations]"
Add component (AddParameter): Name = "Publisher"; Value = "Altium Limited"; VariantName = "[No Variations]"
Add component (AddParameter): Name = "Value"; Value = "100K"; VariantName = "[No Variations]"
Added Component: Designator=R10(J1-0603)
Add component. Clean all parameters for all variants
Add component (AddParameter): Name = "LatestRevisionDate"; Value = "29-May-2009"; VariantName = "[No Variations]"
Add component (AddParameter): Name = "LatestRevisionNote"; Value = "IPC-7351 Footprint Added."; VariantName = "[No Variations]"
Add component (AddParameter): Name = "PackageDescription"; Value = "Chip Resistor"; VariantName = "[No Variations]"
Add component (AddParameter): Name = "PackageReference"; Value = "J1-0603"; VariantName = "[No Variations]"
Add component (AddParameter): Name = "Published"; Value = "8-Jun-2000"; VariantName = "[No Variations]"
Add component (AddParameter): Name = "Publisher"; Value = "Altium Limited"; VariantName = "[No Variations]"
Add component (AddParameter): Name = "Value"; Value = "100K"; VariantName = "[No Variations]"
Added Component: Designator=R11(J1-0603)
Add component. Clean all parameters for all variants
Add component (AddParameter): Name = "LatestRevisionDate"; Value = "29-May-2009"; VariantName = "[No Variations]"
Add component (AddParameter): Name = "LatestRevisionNote"; Value = "IPC-7351 Footprint Added."; VariantName = "[No Variations]"
Add component (AddParameter): Name = "PackageDescription"; Value = "Chip Resistor"; VariantName = "[No Variations]"
Add component (AddParameter): Name = "PackageReference"; Value = "J1-0603"; VariantName = "[No Variations]"
Add component (AddParameter): Name = "Published"; Value = "8-Jun-2000"; VariantName = "[No Variations]"
Add component (AddParameter): Name = "Publisher"; Value = "Altium Limited"; VariantName = "[No Variations]"
Add component (AddParameter): Name = "Value"; Value = "432"; VariantName = "[No Variations]"
Added Component: Designator=R12(J1-0603)
Add component. Clean all parameters for all variants
Add component (AddParameter): Name = "LatestRevisionDate"; Value = "29-May-2009"; VariantName = "[No Variations]"
Add component (AddParameter): Name = "LatestRevisionNote"; Value = "IPC-7351 Footprint Added."; VariantName = "[No Variations]"
Add component (AddParameter): Name = "PackageDescription"; Value = "Chip Resistor"; VariantName = "[No Variations]"
Add component (AddParameter): Name = "PackageReference"; Value = "J1-0603"; VariantName = "[No Variations]"
Add component (AddParameter): Name = "Published"; Value = "8-Jun-2000"; VariantName = "[No Variations]"
Add component (AddParameter): Name = "Publisher"; Value = "Altium Limited"; VariantName = "[No Variations]"
Add component (AddParameter): Name = "Value"; Value = "249"; VariantName = "[No Variations]"
Added Component: Designator=R13(J1-0603)
Add component. Clean all parameters for all variants
Add component (AddParameter): Name = "LatestRevisionDate"; Value = "29-May-2009"; VariantName = "[No Variations]"
Add component (AddParameter): Name = "LatestRevisionNote"; Value = "IPC-7351 Footprint Added."; VariantName = "[No Variations]"
Add component (AddParameter): Name = "PackageDescription"; Value = "Chip Resistor"; VariantName = "[No Variations]"
Add component (AddParameter): Name = "PackageReference"; Value = "J1-0603"; VariantName = "[No Variations]"
Add component (AddParameter): Name = "Published"; Value = "8-Jun-2000"; VariantName = "[No Variations]"
Add component (AddParameter): Name = "Publisher"; Value = "Altium Limited"; VariantName = "[No Variations]"
Add component (AddParameter): Name = "Value"; Value = "332"; VariantName = "[No Variations]"
Added Component: Designator=R14(J1-0603)
Add component. Clean all parameters for all variants
Add component (AddParameter): Name = "LatestRevisionDate"; Value = "29-May-2009"; VariantName = "[No Variations]"
Add component (AddParameter): Name = "LatestRevisionNote"; Value = "IPC-7351 Footprint Added."; VariantName = "[No Variations]"
Add component (AddParameter): Name = "PackageDescription"; Value = "Chip Resistor"; VariantName = "[No Variations]"
Add component (AddParameter): Name = "PackageReference"; Value = "J1-0603"; VariantName = "[No Variations]"
Add component (AddParameter): Name = "Published"; Value = "8-Jun-2000"; VariantName = "[No Variations]"
Add component (AddParameter): Name = "Publisher"; Value = "Altium Limited"; VariantName = "[No Variations]"
Add component (AddParameter): Name = "Value"; Value = "200"; VariantName = "[No Variations]"
Added Component: Designator=R15(J1-0603)
Add component. Clean all parameters for all variants
Add component (AddParameter): Name = "LatestRevisionDate"; Value = "29-May-2009"; VariantName = "[No Variations]"
Add component (AddParameter): Name = "LatestRevisionNote"; Value = "IPC-7351 Footprint Added."; VariantName = "[No Variations]"
Add component (AddParameter): Name = "PackageDescription"; Value = "Chip Resistor"; VariantName = "[No Variations]"
Add component (AddParameter): Name = "PackageReference"; Value = "J1-0603"; VariantName = "[No Variations]"
Add component (AddParameter): Name = "Published"; Value = "8-Jun-2000"; VariantName = "[No Variations]"
Add component (AddParameter): Name = "Publisher"; Value = "Altium Limited"; VariantName = "[No Variations]"
Add component (AddParameter): Name = "Value"; Value = "200"; VariantName = "[No Variations]"
Added Pin To Net: NetName=LED B Pin=M_B-3
Added Pin To Net: NetName=LED G Pin=M_G-3
Added Pin To Net: NetName=LED IR Pin=M_IR1-3
Added Pin To Net: NetName=LED IR Pin=M_IR2-3
Added Pin To Net: NetName=LEDR Pin=M_R-3
Added Pin To Net: NetName=LED IR_in Pin=Op_LED_driver-3
Added Pin To Net: NetName=LED G_in Pin=Op_LED_driver-5
Added Pin To Net: NetName=LEDR_in Pin=Op_LED_driver-10
Added Pin To Net: NetName=LED B_in Pin=Op_LED_driver-12
Added Pin To Net: NetName=-15 Pin=Op_PD-2
Added Pin To Net: NetName=NetC1_2 Pin=Op_PD-3
Added Pin To Net: NetName=-15 Pin=Op_PD-4
Added Pin To Net: NetName=NetC1_1 Pin=Op_PD-6
Added Pin To Net: NetName=+15 Pin=Op_PD-7
Added Pin To Net: NetName=GND Pin=Op_PD-8
Added Pin To Net: NetName=-15 Pin=PD_Reg-K
Added Pin To Net: NetName=-15 Pin=PD_Reg-K
Added Pin To Net: NetName=GND Pin=R7-1
Added Pin To Net: NetName=LED IR_in Pin=R7-2
Added Pin To Net: NetName=GND Pin=R8-1
Added Pin To Net: NetName=LED G_in Pin=R8-2
Added Pin To Net: NetName=GND Pin=R9-1
Added Pin To Net: NetName=LEDR_in Pin=R9-2
Added Pin To Net: NetName=GND Pin=R10-1
Added Pin To Net: NetName=LED B_in Pin=R10-2
Added Pin To Net: NetName=GND Pin=R11-1
Added Pin To Net: NetName=GND Pin=R12-1
Added Pin To Net: NetName=GND Pin=R13-1
Added Pin To Net: NetName=GND Pin=R14-1
Added Pin To Net: NetName=GND Pin=R15-1
Change Net Name : Old Net Name=NetM2_1 New Net Name=NetM_G_1
Change Net Name : Old Net Name=NetM3_1 New Net Name=NetM_R_1
Change Net Name : Old Net Name=NetM4_1 New Net Name=NetM_B_1
Added Pin To Net: NetName=NetM_B_2 Pin=M_B-2
Added Pin To Net: NetName=NetM_B_2 Pin=Op_LED_driver-13
Added Pin To Net: NetName=NetM_B_2 Pin=R11-2
Added Net: Name=NetM_B_2
Added Pin To Net: NetName=NetM_G_2 Pin=M_G-2
Added Pin To Net: NetName=NetM_G_2 Pin=Op_LED_driver-6
Added Pin To Net: NetName=NetM_G_2 Pin=R13-2
Added Net: Name=NetM_G_2
Added Pin To Net: NetName=NetM_IR1_1 Pin=M_IR1-1
Added Pin To Net: NetName=NetM_IR1_1 Pin=M_IR2-1
Added Pin To Net: NetName=NetM_IR1_1 Pin=Op_LED_driver-1
Added Net: Name=NetM_IR1_1
Added Pin To Net: NetName=NetM_IR1_2 Pin=M_IR1-2
Added Pin To Net: NetName=NetM_IR1_2 Pin=M_IR2-2
Added Pin To Net: NetName=NetM_IR1_2 Pin=Op_LED_driver-2
Added Pin To Net: NetName=NetM_IR1_2 Pin=R14-2
Added Pin To Net: NetName=NetM_IR1_2 Pin=R15-2
Added Net: Name=NetM_IR1_2
Added Pin To Net: NetName=NetM_R_2 Pin=M_R-2
Added Pin To Net: NetName=NetM_R_2 Pin=Op_LED_driver-9
Added Pin To Net: NetName=NetM_R_2 Pin=R12-2
Added Net: Name=NetM_R_2
Added Member To Class: ClassName=Photodiode_Circuit Member=Component C1 Cap
Added Member To Class: ClassName=Power_Supply Member=Component C3 Cap
Added Member To Class: ClassName=Power_Supply Member=Component C4 Cap
Added Member To Class: ClassName=LED_Drivers Member=Component M_IR1 2SK3018-TP
Added Member To Class: ClassName=LED_Drivers Member=Component Op_LED_driver LM837M
Added Member To Class: ClassName=Photodiode_Circuit Member=Component Op_PD OPA128
Added Member To Class: ClassName=Photodiode_Circuit Member=Component R2 Res3
Added Member To Class: ClassName=Thermistor Member=Component R4 Res3
Added Member To Class: ClassName=Thermistor Member=Component R5 Res3
Added Member To Class: ClassName=Thermistor Member=Component R6 Res3
Added Member To Class: ClassName=LED_Drivers Member=Component R7 Res3
Added Member To Class: ClassName=LED_Drivers Member=Component R8 Res3
Added Member To Class: ClassName=LED_Drivers Member=Component R9 Res3
Added Member To Class: ClassName=LED_Drivers Member=Component R10 Res3
Added Member To Class: ClassName=LED_Drivers Member=Component R11 Res3
Added Member To Class: ClassName=LED_Drivers Member=Component R12 Res3
Added Member To Class: ClassName=LED_Drivers Member=Component R13 Res3
Added Member To Class: ClassName=LED_Drivers Member=Component R14 Res3
Added Member To Class: ClassName=LED_Drivers Member=Component R15 Res3
