Removed Pin From Net: NetName=NetCf_1_1 Pin=Cf_2-1
Removed Pin From Net: NetName=NetCf_1_1 Pin=Op_2-6
Removed Pin From Net: NetName=-15 Pin=PWR_pins-1
Removed Pin From Net: NetName=+15 Pin=PWR_pins-2
Removed Pin From Net: NetName=GND Pin=PWR_pins-3
Removed Pin From Net: NetName=NetCf_1_1 Pin=R2-2
Removed Pin From Net: NetName=NetCf_1_1 Pin=Rf_2-2
Added Component: Designator=Rp_3(J1-0603)
Add component. Clean all parameters for all variants
Add component (AddParameter): Name = "LatestRevisionDate"; Value = "29-May-2009"; VariantName = "[No Variations]"
Add component (AddParameter): Name = "LatestRevisionNote"; Value = "IPC-7351 Footprint Added."; VariantName = "[No Variations]"
Add component (AddParameter): Name = "PackageDescription"; Value = "Chip Resistor"; VariantName = "[No Variations]"
Add component (AddParameter): Name = "PackageReference"; Value = "J1-0603"; VariantName = "[No Variations]"
Add component (AddParameter): Name = "Published"; Value = "8-Jun-2000"; VariantName = "[No Variations]"
Add component (AddParameter): Name = "Publisher"; Value = "Altium Limited"; VariantName = "[No Variations]"
Add component (AddParameter): Name = "Value"; Value = "2.7K"; VariantName = "[No Variations]"
Added Component: Designator=Rp_4(J1-0603)
Add component. Clean all parameters for all variants
Add component (AddParameter): Name = "LatestRevisionDate"; Value = "29-May-2009"; VariantName = "[No Variations]"
Add component (AddParameter): Name = "LatestRevisionNote"; Value = "IPC-7351 Footprint Added."; VariantName = "[No Variations]"
Add component (AddParameter): Name = "PackageDescription"; Value = "Chip Resistor"; VariantName = "[No Variations]"
Add component (AddParameter): Name = "PackageReference"; Value = "J1-0603"; VariantName = "[No Variations]"
Add component (AddParameter): Name = "Published"; Value = "8-Jun-2000"; VariantName = "[No Variations]"
Add component (AddParameter): Name = "Publisher"; Value = "Altium Limited"; VariantName = "[No Variations]"
Add component (AddParameter): Name = "Value"; Value = "2.7K"; VariantName = "[No Variations]"
Added Pin To Net: NetName=NetCf_1_1 Pin=Rp_3-1
Added Pin To Net: NetName=NetCf_2_1 Pin=Cf_2-1
Added Pin To Net: NetName=NetCf_2_1 Pin=Op_2-6
Added Pin To Net: NetName=NetCf_2_1 Pin=Rf_2-2
Added Pin To Net: NetName=NetCf_2_1 Pin=Rp_4-2
Added Net: Name=NetCf_2_1
Added Pin To Net: NetName=NetR2_2 Pin=R2-2
Added Pin To Net: NetName=NetR2_2 Pin=Rp_3-2
Added Pin To Net: NetName=NetR2_2 Pin=Rp_4-1
Added Net: Name=NetR2_2
Added Member To Class: ClassName=Power_Supply Member=Component PWR_pins Part Number: 640389-3
Added Member To Class: ClassName=Photodiode_Circuit Member=Component Rp_3 Resistor
Added Member To Class: ClassName=Photodiode_Circuit Member=Component Rp_4 Resistor
