Removed Pin From Net: NetName=-15 Pin=Op_PD-2
Removed Pin From Net: NetName=NetC3_2 Pin=Op_PD-3
Removed Member From Class: ClassName=Photodiode_Circuit Member=C6
Removed Member From Class: ClassName=Photodiode_Circuit Member=C7
Change component parameters: Designator = "R12"; Footprint = "J1-0603"; UniqueID = "\WSZDXEBA"
Change component parameters. Clean all parameters for all variants
Change component parameters (AddParameter): Name = "LatestRevisionDate"; Value = "29-May-2009"; VariantName = "[No Variations]"
Change component parameters (AddParameter): Name = "LatestRevisionNote"; Value = "IPC-7351 Footprint Added."; VariantName = "[No Variations]"
Change component parameters (AddParameter): Name = "PackageDescription"; Value = "Chip Resistor"; VariantName = "[No Variations]"
Change component parameters (AddParameter): Name = "PackageReference"; Value = "J1-0603"; VariantName = "[No Variations]"
Change component parameters (AddParameter): Name = "Published"; Value = "8-Jun-2000"; VariantName = "[No Variations]"
Change component parameters (AddParameter): Name = "Publisher"; Value = "Altium Limited"; VariantName = "[No Variations]"
Change component parameters (AddParameter): Name = "Value"; Value = "10"; VariantName = "[No Variations]"
Added Pin To Net: NetName=NetC3_2 Pin=Op_PD-2
Added Pin To Net: NetName=GND Pin=Op_PD-3
Added Member To Class: ClassName=Photodiode_Circuit Member=Component C1 Cap
Added Member To Class: ClassName=Photodiode_Circuit Member=Component C2 Cap
Added Member To Class: ClassName=Photodiode_Circuit Member=Component C3 Cap
Added Member To Class: ClassName=Photodiode_Circuit Member=Component C4 Cap
Added Member To Class: ClassName=Photodiode_Circuit Member=Component R2 Resistor
