Removed Pin From Net: NetName=-15 Pin=PWR_pins-1
Removed Pin From Net: NetName=+15 Pin=PWR_pins-2
Removed Pin From Net: NetName=GND Pin=PWR_pins-3
Removed Pin From Net: NetName=+15 Pin=R4-2
Removed Pin From Net: NetName=+15 Pin=R5-1
Added Component: Designator=Volt_Reg(MP04A)
Add component. Clean all parameters for all variants
Add component (AddParameter): Name = "Built_By"; Value = "EMA_UL_Team"; VariantName = "[No Variations]"
Add component (AddParameter): Name = "Copyright"; Value = "Copyright (C) 2018 Accelerated Designs. All rights reserved"; VariantName = "[No Variations]"
Add component (AddParameter): Name = "Manufacturer_Part_Number"; Value = "LM2940IMP-5.0/NOPB"; VariantName = "[No Variations]"
Add component (AddParameter): Name = "RefDes"; Value = "RefDes"; VariantName = "[No Variations]"
Add component (AddParameter): Name = "Type"; Value = "DEV"; VariantName = "[No Variations]"
Add component (AddParameter): Name = "Value"; Value = "Value"; VariantName = "[No Variations]"
Add component (AddParameter): Name = "Vendor"; Value = "Texas Instruments"; VariantName = "[No Variations]"
Added Pin To Net: NetName=+15 Pin=Volt_Reg-1
Added Pin To Net: NetName=GND Pin=Volt_Reg-2
Added Pin To Net: NetName=GND Pin=Volt_Reg-4
Added Pin To Net: NetName=NetR4_2 Pin=R4-2
Added Pin To Net: NetName=NetR4_2 Pin=R5-1
Added Pin To Net: NetName=NetR4_2 Pin=Volt_Reg-3
Added Net: Name=NetR4_2
Added Member To Class: ClassName=Thermistor Member=Component Volt_Reg Part Number: LM2940IMP-5.0/NOPB
