Removed Pin From Net: NetName=+3V3 Pin=P1-1
Change Component Footprint: Designator=P1 Old Footprint=61900211121 New Footprint=61900211121
Change Component Comment : Designator=P1 Old Comment=Header 2 New Comment=61900211121
Change Component Designator: OldDesignator=C1 NewDesignator=C14
Change Component Designator: OldDesignator=C2 NewDesignator=C15
Change Component Designator: OldDesignator=C3 NewDesignator=C17
Change Component Designator: OldDesignator=C4 NewDesignator=C18
Change Component Designator: OldDesignator=C5 NewDesignator=C7
Change Component Designator: OldDesignator=C6 NewDesignator=C8
Change Component Designator: OldDesignator=C7 NewDesignator=C19
Change Component Designator: OldDesignator=C8 NewDesignator=C20
Change Component Designator: OldDesignator=C9 NewDesignator=C21
Change Component Designator: OldDesignator=C10 NewDesignator=C22
Change Component Designator: OldDesignator=C11 NewDesignator=C23
Change Component Designator: OldDesignator=C12 NewDesignator=C24
Change Component Designator: OldDesignator=C13 NewDesignator=C25
Change Component Designator: OldDesignator=C14 NewDesignator=C26
Change Component Designator: OldDesignator=C15 NewDesignator=C27
Change Component Designator: OldDesignator=C16 NewDesignator=C28
Change Component Designator: OldDesignator=C17 NewDesignator=C29
Change Component Designator: OldDesignator=C18 NewDesignator=C30
Change Component Designator: OldDesignator=C19 NewDesignator=C1
Change Component Designator: OldDesignator=C20 NewDesignator=C2
Change Component Designator: OldDesignator=C21 NewDesignator=C3
Change Component Designator: OldDesignator=C22 NewDesignator=C4
Change Component Designator: OldDesignator=C23 NewDesignator=C5
Change Component Designator: OldDesignator=C24 NewDesignator=C6
Change Component Designator: OldDesignator=C25 NewDesignator=C9
Change Component Designator: OldDesignator=C26 NewDesignator=C31
Change Component Designator: OldDesignator=C27 NewDesignator=C32
Change Component Designator: OldDesignator=C28 NewDesignator=C33
Change Component Designator: OldDesignator=C29 NewDesignator=C10
Change Component Designator: OldDesignator=C30 NewDesignator=C11
Change Component Designator: OldDesignator=C31 NewDesignator=C12
Change Component Designator: OldDesignator=C32 NewDesignator=C13
Change Component Designator: OldDesignator=C33 NewDesignator=C16
Change Component Designator: OldDesignator=D1 NewDesignator=D2
Change Component Designator: OldDesignator=D2 NewDesignator=D1
Change Component Designator: OldDesignator=D3 NewDesignator=D4
Change Component Designator: OldDesignator=D4 NewDesignator=D3
Change Component Designator: OldDesignator=R1 NewDesignator=R22
Change Component Designator: OldDesignator=R2 NewDesignator=R9
Change Component Designator: OldDesignator=R3 NewDesignator=R10
Change Component Designator: OldDesignator=R4 NewDesignator=R1
Change Component Designator: OldDesignator=R5 NewDesignator=R18
Change Component Designator: OldDesignator=R6 NewDesignator=R19
Change Component Designator: OldDesignator=R7 NewDesignator=R3
Change Component Designator: OldDesignator=R8 NewDesignator=R4
Change Component Designator: OldDesignator=R9 NewDesignator=R5
Change Component Designator: OldDesignator=R10 NewDesignator=R6
Change Component Designator: OldDesignator=R11 NewDesignator=R7
Change Component Designator: OldDesignator=R12 NewDesignator=R8
Change Component Designator: OldDesignator=R13 NewDesignator=R11
Change Component Designator: OldDesignator=R14 NewDesignator=R12
Change Component Designator: OldDesignator=R15 NewDesignator=R2
Change Component Designator: OldDesignator=R16 NewDesignator=R13
Change Component Designator: OldDesignator=R17 NewDesignator=R14
Change Component Designator: OldDesignator=R18 NewDesignator=R15
Change Component Designator: OldDesignator=R19 NewDesignator=R16
Change Component Designator: OldDesignator=R20 NewDesignator=R17
Change Component Designator: OldDesignator=R21 NewDesignator=R20
Change Component Designator: OldDesignator=R22 NewDesignator=R21
Change Component Designator: OldDesignator=U1 NewDesignator=U8
Change Component Designator: OldDesignator=U2 NewDesignator=U1
Change Component Designator: OldDesignator=U3 NewDesignator=U2
Change Component Designator: OldDesignator=U4 NewDesignator=U3
Change Component Designator: OldDesignator=U5 NewDesignator=U10
Change Component Designator: OldDesignator=U6 NewDesignator=U4
Change Component Designator: OldDesignator=U7 NewDesignator=U5
Change Component Designator: OldDesignator=U8 NewDesignator=U6
Change Component Designator: OldDesignator=U9 NewDesignator=U7
Change Component Designator: OldDesignator=U10 NewDesignator=U9
Change component parameters: Designator = "P1"; Footprint = "61900211121"; UniqueID = "\UXGXSWSC"
Change component parameters. Clean all parameters for all variants
Change component parameters (AddParameter): Name = "Contact Resistance"; Value = "20mOhm"; VariantName = "[No Variations]"
Change component parameters (AddParameter): Name = "Datasheet URL"; Value = "https://katalog.we-online.de/em/datasheet/6190xx11121.pdf"; VariantName = "[No Variations]"
Change component parameters (AddParameter): Name = "Gender"; Value = "Male"; VariantName = "[No Variations]"
Change component parameters (AddParameter): Name = "Manufacturer"; Value = "Wurth Elektronik"; VariantName = "[No Variations]"
Change component parameters (AddParameter): Name = "Manufacturer URL"; Value = "http://www.we-online.de"; VariantName = "[No Variations]"
Change component parameters (AddParameter): Name = "Mounting Technology"; Value = "THT"; VariantName = "[No Variations]"
Change component parameters (AddParameter): Name = "Operating Temperature"; Value = "-40to105degC"; VariantName = "[No Variations]"
Change component parameters (AddParameter): Name = "Orientation"; Value = "Vertical"; VariantName = "[No Variations]"
Change component parameters (AddParameter): Name = "Package Reference"; Value = "61900211121"; VariantName = "[No Variations]"
Change component parameters (AddParameter): Name = "Packaging"; Value = "Bag"; VariantName = "[No Variations]"
Change component parameters (AddParameter): Name = "Part Number"; Value = "61900211121"; VariantName = "[No Variations]"
Change component parameters (AddParameter): Name = "Pitch"; Value = "2.54mm"; VariantName = "[No Variations]"
Change component parameters (AddParameter): Name = "Position"; Value = "1x2"; VariantName = "[No Variations]"
Change component parameters (AddParameter): Name = "Publisher"; Value = "WurthElektronik"; VariantName = "[No Variations]"
Change component parameters (AddParameter): Name = "Working Voltage"; Value = "250VAC"; VariantName = "[No Variations]"
Added Pin To Net: NetName=+5V_USB Pin=J1-1
Added Pin To Net: NetName=USB_CONN_D- Pin=J1-2
Added Pin To Net: NetName=USB_CONN_D+ Pin=J1-3
Added Pin To Net: NetName=GND Pin=J1-5
Added Pin To Net: NetName=+LED_IR Pin=P1-1
Added Pin To Net: NetName=+3V3 Pin=P2-1
Added Pin To Net: NetName=GND Pin=P2-2
Added Pin To Net: NetName=UART1_TX Pin=P3-1
Added Pin To Net: NetName=UART1_RX Pin=P3-2
Added Pin To Net: NetName=+3V3 Pin=P4-1
Added Pin To Net: NetName=SWDIO Pin=P4-2
Added Pin To Net: NetName=GND Pin=P4-3
Added Pin To Net: NetName=SWCLK Pin=P4-4
Added Pin To Net: NetName=GND Pin=P4-5
Added Pin To Net: NetName=SWO Pin=P4-6
Added Pin To Net: NetName=GND Pin=P4-9
Added Pin To Net: NetName=NRST Pin=P4-10
Added Pin To Net: NetName=BAT+ Pin=P5-1
Added Pin To Net: NetName=GND Pin=P5-2
Added Pin To Net: NetName=PD_SIG Pin=P6-1
Added Pin To Net: NetName=GND Pin=P6-2
Added Pin To Net: NetName=+LED_R Pin=P7-1
Added Pin To Net: NetName=GND Pin=P7-2
Change Net Name : Old Net Name=NetC1_2 New Net Name=NetC14_2
Change Net Name : Old Net Name=NetC4_2 New Net Name=NetC18_2
Change Net Name : Old Net Name=NetC5_2 New Net Name=NetC7_2
Change Net Name : Old Net Name=NetC6_2 New Net Name=NetC8_2
Change Net Name : Old Net Name=NetC31_2 New Net Name=NetC12_2
Change Net Name : Old Net Name=NetC32_2 New Net Name=NetC13_2
Change Net Name : Old Net Name=NetD1_2 New Net Name=NetD2_2
Change Net Name : Old Net Name=NetD2_1 New Net Name=NetD1_1
Change Net Name : Old Net Name=NetD2_2 New Net Name=NetD1_2
Change Net Name : Old Net Name=NetD4_1 New Net Name=NetD3_1
Change Net Name : Old Net Name=NetR19_1 New Net Name=NetR16_1
Change Net Name : Old Net Name=NetR21_2 New Net Name=NetR20_2
Added Member To Class: ClassName=PPO Member=Component C4 Cap
Added Member To Class: ClassName=PPO Member=Component C7 Cap
Added Member To Class: ClassName=PPO Member=Component C9 Cap
Added Member To Class: ClassName=PPO Member=Component C14 Cap
Added Member To Class: ClassName=PPO Member=Component C15 Cap
Added Member To Class: ClassName=PPO Member=Component C17 Cap
Added Member To Class: ClassName=PPO Member=Component C19 Cap
Added Member To Class: ClassName=PPO Member=Component C20 Cap
Added Member To Class: ClassName=PPO Member=Component C21 Cap
Added Member To Class: ClassName=PPO Member=Component C22 Cap
Added Member To Class: ClassName=PPO Member=Component C23 Cap
Added Member To Class: ClassName=PPO Member=Component C24 Cap
Added Member To Class: ClassName=PPO Member=Component C25 Cap
Added Member To Class: ClassName=PPO Member=Component C26 Cap
Added Member To Class: ClassName=PPO Member=Component C27 Cap
Added Member To Class: ClassName=PPO Member=Component C28 Cap
Added Member To Class: ClassName=PPO Member=Component C30 Cap
Added Member To Class: ClassName=PPO Member=Component C31 Cap
Added Member To Class: ClassName=PPO Member=Component C32 Cap
Added Member To Class: ClassName=PPO Member=Component C33 Cap
Added Member To Class: ClassName=PPO Member=Component D2 SS32-E3/57T
Added Member To Class: ClassName=PPO Member=Component D4 USBLC6-2SC6
Added Member To Class: ClassName=PPO Member=Component J1 105133-0001
Added Member To Class: ClassName=PPO Member=Component P2 Header 2
Added Member To Class: ClassName=PPO Member=Component P4 FTSH-105-01-L-DV-K
Added Member To Class: ClassName=PPO Member=Component P5 Header 2
Added Member To Class: ClassName=PPO Member=Component P6 61900211121
Added Member To Class: ClassName=PPO Member=Component P7 61900211121
Added Member To Class: ClassName=PPO Member=Component R7 Res1
Added Member To Class: ClassName=PPO Member=Component R8 Res1
Added Member To Class: ClassName=PPO Member=Component R9 Res1
Added Member To Class: ClassName=PPO Member=Component R10 Res1
Added Member To Class: ClassName=PPO Member=Component R11 Res1
Added Member To Class: ClassName=PPO Member=Component R13 Res1
Added Member To Class: ClassName=PPO Member=Component R14 Res1
Added Member To Class: ClassName=PPO Member=Component R18 Res1
Added Member To Class: ClassName=PPO Member=Component R19 Res1
Added Member To Class: ClassName=PPO Member=Component R20 Res1
Added Member To Class: ClassName=PPO Member=Component R21 Res1
Added Member To Class: ClassName=PPO Member=Component R22 Res1
Added Member To Class: ClassName=PPO Member=Component U3 ADG884BRMZ
Added Member To Class: ClassName=PPO Member=Component U4 OPA170AIDBVT
Added Member To Class: ClassName=PPO Member=Component U7 LM2621MM/NOPB
Added Member To Class: ClassName=PPO Member=Component U8 AMS1117-3.3
Added Member To Class: ClassName=PPO Member=Component U10 ADS1113IDGST
