Removed Member From Class: ClassName=Photodiode_Circuit Member=W1
Removed Member From Class: ClassName=Photodiode_Circuit Member=W2
Removed Member From Class: ClassName=Photodiode_Circuit Member=W3
Removed Member From Class: ClassName=Photodiode_Circuit Member=W4
Added Component: Designator=CF_1(AXIAL-0.3)
Add component. Clean all parameters for all variants
Add component (AddParameter): Name = "LatestRevisionDate"; Value = "17-Jul-2002"; VariantName = "[No Variations]"
Add component (AddParameter): Name = "LatestRevisionNote"; Value = "Re-released for DXP Platform."; VariantName = "[No Variations]"
Add component (AddParameter): Name = "PackageDescription"; Value = "Axial Device, Thru-Hole; 2 Leads; 0.3 in Pin Spacing"; VariantName = "[No Variations]"
Add component (AddParameter): Name = "PackageReference"; Value = "AXIAL-0.3"; VariantName = "[No Variations]"
Add component (AddParameter): Name = "Published"; Value = "8-Jun-2000"; VariantName = "[No Variations]"
Add component (AddParameter): Name = "Publisher"; Value = "Altium Limited"; VariantName = "[No Variations]"
Add component (AddParameter): Name = "Value"; Value = "1K"; VariantName = "[No Variations]"
Added Component: Designator=CF_2(AXIAL-0.3)
Add component. Clean all parameters for all variants
Add component (AddParameter): Name = "LatestRevisionDate"; Value = "17-Jul-2002"; VariantName = "[No Variations]"
Add component (AddParameter): Name = "LatestRevisionNote"; Value = "Re-released for DXP Platform."; VariantName = "[No Variations]"
Add component (AddParameter): Name = "PackageDescription"; Value = "Axial Device, Thru-Hole; 2 Leads; 0.3 in Pin Spacing"; VariantName = "[No Variations]"
Add component (AddParameter): Name = "PackageReference"; Value = "AXIAL-0.3"; VariantName = "[No Variations]"
Add component (AddParameter): Name = "Published"; Value = "8-Jun-2000"; VariantName = "[No Variations]"
Add component (AddParameter): Name = "Publisher"; Value = "Altium Limited"; VariantName = "[No Variations]"
Add component (AddParameter): Name = "Value"; Value = "1K"; VariantName = "[No Variations]"
Added Component: Designator=RF_1(AXIAL-0.3)
Add component. Clean all parameters for all variants
Add component (AddParameter): Name = "LatestRevisionDate"; Value = "17-Jul-2002"; VariantName = "[No Variations]"
Add component (AddParameter): Name = "LatestRevisionNote"; Value = "Re-released for DXP Platform."; VariantName = "[No Variations]"
Add component (AddParameter): Name = "PackageDescription"; Value = "Axial Device, Thru-Hole; 2 Leads; 0.3 in Pin Spacing"; VariantName = "[No Variations]"
Add component (AddParameter): Name = "PackageReference"; Value = "AXIAL-0.3"; VariantName = "[No Variations]"
Add component (AddParameter): Name = "Published"; Value = "8-Jun-2000"; VariantName = "[No Variations]"
Add component (AddParameter): Name = "Publisher"; Value = "Altium Limited"; VariantName = "[No Variations]"
Add component (AddParameter): Name = "Value"; Value = "1K"; VariantName = "[No Variations]"
Added Component: Designator=RF_2(AXIAL-0.3)
Add component. Clean all parameters for all variants
Add component (AddParameter): Name = "LatestRevisionDate"; Value = "17-Jul-2002"; VariantName = "[No Variations]"
Add component (AddParameter): Name = "LatestRevisionNote"; Value = "Re-released for DXP Platform."; VariantName = "[No Variations]"
Add component (AddParameter): Name = "PackageDescription"; Value = "Axial Device, Thru-Hole; 2 Leads; 0.3 in Pin Spacing"; VariantName = "[No Variations]"
Add component (AddParameter): Name = "PackageReference"; Value = "AXIAL-0.3"; VariantName = "[No Variations]"
Add component (AddParameter): Name = "Published"; Value = "8-Jun-2000"; VariantName = "[No Variations]"
Add component (AddParameter): Name = "Publisher"; Value = "Altium Limited"; VariantName = "[No Variations]"
Add component (AddParameter): Name = "Value"; Value = "1K"; VariantName = "[No Variations]"
Added Pin To Net: NetName=NetCF_1_1 Pin=CF_1-1
Added Pin To Net: NetName=NetCF_1_1 Pin=Op_1-2
Added Pin To Net: NetName=NetCF_1_1 Pin=RF_1-1
Added Pin To Net: NetName=NetCF_1_1 Pin=Rp_1-1
Added Net: Name=NetCF_1_1
Added Pin To Net: NetName=NetCF_1_2 Pin=CF_1-2
Added Pin To Net: NetName=NetCF_1_2 Pin=Op_1-6
Added Pin To Net: NetName=NetCF_1_2 Pin=RF_1-2
Added Pin To Net: NetName=NetCF_1_2 Pin=Rp_3-1
Added Net: Name=NetCF_1_2
Added Pin To Net: NetName=NetCF_2_1 Pin=CF_2-1
Added Pin To Net: NetName=NetCF_2_1 Pin=Op_2-2
Added Pin To Net: NetName=NetCF_2_1 Pin=RF_2-1
Added Pin To Net: NetName=NetCF_2_1 Pin=Rp_2-2
Added Net: Name=NetCF_2_1
Added Pin To Net: NetName=NetCF_2_2 Pin=CF_2-2
Added Pin To Net: NetName=NetCF_2_2 Pin=Op_2-6
Added Pin To Net: NetName=NetCF_2_2 Pin=RF_2-2
Added Pin To Net: NetName=NetCF_2_2 Pin=Rp_4-2
Added Net: Name=NetCF_2_2
Added Member To Class: ClassName=Photodiode_Circuit Member=Component CF_1 Res1
Added Member To Class: ClassName=Photodiode_Circuit Member=Component CF_2 Res1
Added Member To Class: ClassName=Photodiode_Circuit Member=Component RF_1 Res1
Added Member To Class: ClassName=Photodiode_Circuit Member=Component RF_2 Res1
