Removed Pin From Net: NetName=-15 Pin=C3-1
Removed Pin From Net: NetName=GND Pin=C3-2
Removed Pin From Net: NetName=+15 Pin=C4-1
Removed Pin From Net: NetName=GND Pin=C4-2
Removed Pin From Net: NetName=NetCF_1_1 Pin=Rp_1-1
Removed Pin From Net: NetName=NetCF_2_1 Pin=Rp_2-2
Removed Pin From Net: NetName=NetCF_1_2 Pin=Rp_3-1
Removed Pin From Net: NetName=NetCF_2_2 Pin=Rp_4-2
Removed Member From Class: ClassName=Photodiode_Circuit Member=Rp_1
Removed Member From Class: ClassName=Photodiode_Circuit Member=Rp_2
Removed Member From Class: ClassName=Photodiode_Circuit Member=Rp_3
Removed Member From Class: ClassName=Photodiode_Circuit Member=Rp_4
Change Component Footprint: Designator=C3 Old Footprint=1608[0603] New Footprint=RAD-0.3
Change Component Footprint: Designator=C4 Old Footprint=1608[0603] New Footprint=RAD-0.3
Change component parameters: Designator = "C1"; Footprint = "RAD-0.3"; UniqueID = "\AXCWRWYD"
Change component parameters. Clean all parameters for all variants
Change component parameters (AddParameter): Name = "LatestRevisionDate"; Value = "17-Jul-2002"; VariantName = "[No Variations]"
Change component parameters (AddParameter): Name = "LatestRevisionNote"; Value = "Re-released for DXP Platform."; VariantName = "[No Variations]"
Change component parameters (AddParameter): Name = "PackageDescription"; Value = "Radial Cap, Thru-Hole; 2 Leads; 0.3 in Pin Spacing"; VariantName = "[No Variations]"
Change component parameters (AddParameter): Name = "PackageReference"; Value = "RAD-0.3"; VariantName = "[No Variations]"
Change component parameters (AddParameter): Name = "Published"; Value = "8-Jun-2000"; VariantName = "[No Variations]"
Change component parameters (AddParameter): Name = "Publisher"; Value = "Altium Limited"; VariantName = "[No Variations]"
Change component parameters (AddParameter): Name = "Value"; Value = "0.1uF"; VariantName = "[No Variations]"
Change component parameters: Designator = "C2"; Footprint = "RAD-0.3"; UniqueID = "\LSOLVCDQ"
Change component parameters. Clean all parameters for all variants
Change component parameters (AddParameter): Name = "LatestRevisionDate"; Value = "17-Jul-2002"; VariantName = "[No Variations]"
Change component parameters (AddParameter): Name = "LatestRevisionNote"; Value = "Re-released for DXP Platform."; VariantName = "[No Variations]"
Change component parameters (AddParameter): Name = "PackageDescription"; Value = "Radial Cap, Thru-Hole; 2 Leads; 0.3 in Pin Spacing"; VariantName = "[No Variations]"
Change component parameters (AddParameter): Name = "PackageReference"; Value = "RAD-0.3"; VariantName = "[No Variations]"
Change component parameters (AddParameter): Name = "Published"; Value = "8-Jun-2000"; VariantName = "[No Variations]"
Change component parameters (AddParameter): Name = "Publisher"; Value = "Altium Limited"; VariantName = "[No Variations]"
Change component parameters (AddParameter): Name = "Value"; Value = "0.1uF"; VariantName = "[No Variations]"
Change component parameters: Designator = "C7"; Footprint = "RAD-0.3"; UniqueID = "\LDQDLJQL"
Change component parameters. Clean all parameters for all variants
Change component parameters (AddParameter): Name = "LatestRevisionDate"; Value = "17-Jul-2002"; VariantName = "[No Variations]"
Change component parameters (AddParameter): Name = "LatestRevisionNote"; Value = "Re-released for DXP Platform."; VariantName = "[No Variations]"
Change component parameters (AddParameter): Name = "PackageDescription"; Value = "Radial Cap, Thru-Hole; 2 Leads; 0.3 in Pin Spacing"; VariantName = "[No Variations]"
Change component parameters (AddParameter): Name = "PackageReference"; Value = "RAD-0.3"; VariantName = "[No Variations]"
Change component parameters (AddParameter): Name = "Published"; Value = "8-Jun-2000"; VariantName = "[No Variations]"
Change component parameters (AddParameter): Name = "Publisher"; Value = "Altium Limited"; VariantName = "[No Variations]"
Change component parameters (AddParameter): Name = "Value"; Value = "0.1uF"; VariantName = "[No Variations]"
Change component parameters: Designator = "C8"; Footprint = "RAD-0.3"; UniqueID = "\KMXKUZKF"
Change component parameters. Clean all parameters for all variants
Change component parameters (AddParameter): Name = "LatestRevisionDate"; Value = "17-Jul-2002"; VariantName = "[No Variations]"
Change component parameters (AddParameter): Name = "LatestRevisionNote"; Value = "Re-released for DXP Platform."; VariantName = "[No Variations]"
Change component parameters (AddParameter): Name = "PackageDescription"; Value = "Radial Cap, Thru-Hole; 2 Leads; 0.3 in Pin Spacing"; VariantName = "[No Variations]"
Change component parameters (AddParameter): Name = "PackageReference"; Value = "RAD-0.3"; VariantName = "[No Variations]"
Change component parameters (AddParameter): Name = "Published"; Value = "8-Jun-2000"; VariantName = "[No Variations]"
Change component parameters (AddParameter): Name = "Publisher"; Value = "Altium Limited"; VariantName = "[No Variations]"
Change component parameters (AddParameter): Name = "Value"; Value = "0.1uF"; VariantName = "[No Variations]"
Added Component: Designator=AMPSEL1(HDR1X3)
Add component. Clean all parameters for all variants
Add component (AddParameter): Name = "LatestRevisionDate"; Value = "17-Jul-2002"; VariantName = "[No Variations]"
Add component (AddParameter): Name = "LatestRevisionNote"; Value = "Re-released for DXP Platform."; VariantName = "[No Variations]"
Add component (AddParameter): Name = "Publisher"; Value = "Altium Limited"; VariantName = "[No Variations]"
Added Component: Designator=AMPSEL2(HDR1X3)
Add component. Clean all parameters for all variants
Add component (AddParameter): Name = "LatestRevisionDate"; Value = "17-Jul-2002"; VariantName = "[No Variations]"
Add component (AddParameter): Name = "LatestRevisionNote"; Value = "Re-released for DXP Platform."; VariantName = "[No Variations]"
Add component (AddParameter): Name = "Publisher"; Value = "Altium Limited"; VariantName = "[No Variations]"
Added Pin To Net: NetName=NetCF_1_1 Pin=AMPSEL1-1
Added Pin To Net: NetName=NetCF_2_1 Pin=AMPSEL1-3
Added Pin To Net: NetName=NetCF_1_2 Pin=AMPSEL2-1
Added Pin To Net: NetName=NetCF_2_2 Pin=AMPSEL2-3
Added Pin To Net: NetName=GND Pin=C3-1
Added Pin To Net: NetName=-15 Pin=C3-2
Added Pin To Net: NetName=GND Pin=C4-1
Added Pin To Net: NetName=+15 Pin=C4-2
Change Net Name : Old Net Name=NetCF_1_1 New Net Name=NetAMPSEL1_1
Change Net Name : Old Net Name=NetCF_1_2 New Net Name=NetAMPSEL2_1
Change Net Name : Old Net Name=NetCF_2_1 New Net Name=NetAMPSEL1_3
Change Net Name : Old Net Name=NetCF_2_2 New Net Name=NetAMPSEL2_3
Added Pin To Net: NetName=NetAMPSEL1_2 Pin=AMPSEL1-2
Added Pin To Net: NetName=NetAMPSEL1_2 Pin=PD_Reg-A
Added Net: Name=NetAMPSEL1_2
Added Pin To Net: NetName=NetAMPSEL2_2 Pin=AMPSEL2-2
Added Pin To Net: NetName=NetAMPSEL2_2 Pin=R2-2
Added Net: Name=NetAMPSEL2_2
Added Member To Class: ClassName=Photodiode_Circuit Member=Component AMPSEL1 Header 3
Added Member To Class: ClassName=Photodiode_Circuit Member=Component AMPSEL2 Header 3
