Removed Pin From Net: NetName=NetAMPSEL1_2 Pin=PD_Reg-A
Removed Pin From Net: NetName=GND Pin=PD_Reg-K
Removed Pin From Net: NetName=GND Pin=PD_Reg-K
Removed Pin From Net: NetName=GND Pin=R3-1
Removed Member From Class: ClassName=Photodiode_Circuit Member=PD_Reg
Added Component: Designator=J?(1313711201)
Add component. Clean all parameters for all variants
Add component (AddParameter): Name = "Allied_Number"; Value = "70090138"; VariantName = "[No Variations]"
Add component (AddParameter): Name = "Allied Price/Stock"; Value = "https://www.alliedelec.com/johnson-cinchconnectivitysolutions-131-3711-201/70090138/"; VariantName = "[No Variations]"
Add component (AddParameter): Name = "Datasheet Link"; Value = "http://www.belfuse.com/resources/Johnson/drawings/dr-1313711201.pdf"; VariantName = "[No Variations]"
Add component (AddParameter): Name = "Geometry.Height"; Value = "8.3312mm"; VariantName = "[No Variations]"
Add component (AddParameter): Name = "Manufacturer_Name"; Value = "Cinch"; VariantName = "[No Variations]"
Add component (AddParameter): Name = "Manufacturer_Part_Number"; Value = "131-3711-201"; VariantName = "[No Variations]"
Add component (AddParameter): Name = "Mouser Part Number"; Value = "530-131-3711-201"; VariantName = "[No Variations]"
Add component (AddParameter): Name = "Mouser Price/Stock"; Value = "https://www.mouser.com/Search/Refine.aspx?Keyword=530-131-3711-201"; VariantName = "[No Variations]"
Add component (AddParameter): Name = "RS Part Number"; Value = "8860734"; VariantName = "[No Variations]"
Add component (AddParameter): Name = "RS Price/Stock"; Value = "https://uk.rs-online.com/web/p/products/8860734"; VariantName = "[No Variations]"
Added Pin To Net: NetName=GND Pin=J?-1
Added Pin To Net: NetName=GND Pin=J?-2
Added Pin To Net: NetName=NetAMPSEL1_2 Pin=J?-3
Added Pin To Net: NetName=Vref Pin=R3-1
Added Net: Name=Vref
Added Member To Class: ClassName=Photodiode_Circuit Member=Component J? 131-3711-201
Added Room: Name=External_Connectors
Added Room: Name=LED_Drivers
Added Room: Name=Photodiode_Circuit
Added Room: Name=Power_Supply
Added Room: Name=Thermistor
